Determining if the pthread_create exist failed with the following output:
Change Dir: /home/kpiekarz/repos/homenc_and_SIEM_data/projects/ip_lookup/CMakeFiles/CMakeTmp

Run Build Command:"/usr/bin/make" "cmTC_6860c/fast"
/usr/bin/make -f CMakeFiles/cmTC_6860c.dir/build.make CMakeFiles/cmTC_6860c.dir/build
make[1]: Entering directory '/home/kpiekarz/repos/homenc_and_SIEM_data/projects/ip_lookup/CMakeFiles/CMakeTmp'
Building CXX object CMakeFiles/cmTC_6860c.dir/CheckSymbolExists.cxx.o
/usr/bin/c++     -o CMakeFiles/cmTC_6860c.dir/CheckSymbolExists.cxx.o -c /home/kpiekarz/repos/homenc_and_SIEM_data/projects/ip_lookup/CMakeFiles/CMakeTmp/CheckSymbolExists.cxx
Linking CXX executable cmTC_6860c
/usr/bin/cmake -E cmake_link_script CMakeFiles/cmTC_6860c.dir/link.txt --verbose=1
/usr/bin/c++       CMakeFiles/cmTC_6860c.dir/CheckSymbolExists.cxx.o  -o cmTC_6860c 
CMakeFiles/cmTC_6860c.dir/CheckSymbolExists.cxx.o: In function `main':
CheckSymbolExists.cxx:(.text+0x1b): undefined reference to `pthread_create'
collect2: error: ld returned 1 exit status
CMakeFiles/cmTC_6860c.dir/build.make:97: recipe for target 'cmTC_6860c' failed
make[1]: *** [cmTC_6860c] Error 1
make[1]: Leaving directory '/home/kpiekarz/repos/homenc_and_SIEM_data/projects/ip_lookup/CMakeFiles/CMakeTmp'
Makefile:126: recipe for target 'cmTC_6860c/fast' failed
make: *** [cmTC_6860c/fast] Error 2

File /home/kpiekarz/repos/homenc_and_SIEM_data/projects/ip_lookup/CMakeFiles/CMakeTmp/CheckSymbolExists.cxx:
/* */
#include <pthread.h>

int main(int argc, char** argv)
{
  (void)argv;
#ifndef pthread_create
  return ((int*)(&pthread_create))[argc];
#else
  (void)argc;
  return 0;
#endif
}

Determining if the function pthread_create exists in the pthreads failed with the following output:
Change Dir: /home/kpiekarz/repos/homenc_and_SIEM_data/projects/ip_lookup/CMakeFiles/CMakeTmp

Run Build Command:"/usr/bin/make" "cmTC_d79d9/fast"
/usr/bin/make -f CMakeFiles/cmTC_d79d9.dir/build.make CMakeFiles/cmTC_d79d9.dir/build
make[1]: Entering directory '/home/kpiekarz/repos/homenc_and_SIEM_data/projects/ip_lookup/CMakeFiles/CMakeTmp'
Building CXX object CMakeFiles/cmTC_d79d9.dir/CheckFunctionExists.cxx.o
/usr/bin/c++    -DCHECK_FUNCTION_EXISTS=pthread_create   -o CMakeFiles/cmTC_d79d9.dir/CheckFunctionExists.cxx.o -c /home/kpiekarz/repos/homenc_and_SIEM_data/projects/ip_lookup/CMakeFiles/CheckLibraryExists/CheckFunctionExists.cxx
Linking CXX executable cmTC_d79d9
/usr/bin/cmake -E cmake_link_script CMakeFiles/cmTC_d79d9.dir/link.txt --verbose=1
/usr/bin/c++   -DCHECK_FUNCTION_EXISTS=pthread_create    CMakeFiles/cmTC_d79d9.dir/CheckFunctionExists.cxx.o  -o cmTC_d79d9 -lpthreads 
/usr/bin/ld: cannot find -lpthreads
collect2: error: ld returned 1 exit status
CMakeFiles/cmTC_d79d9.dir/build.make:97: recipe for target 'cmTC_d79d9' failed
make[1]: *** [cmTC_d79d9] Error 1
make[1]: Leaving directory '/home/kpiekarz/repos/homenc_and_SIEM_data/projects/ip_lookup/CMakeFiles/CMakeTmp'
Makefile:126: recipe for target 'cmTC_d79d9/fast' failed
make: *** [cmTC_d79d9/fast] Error 2


